2021-11-05 08:38:22,888 INFO org.springframework.boot.StartupInfoLogger [restartedMain] Starting HomeGymApplication using Java 11.0.12 on qinlihandeMBP with PID 1386 (/Users/chin/eclipse-workspace/HomeGym/target/classes started by chin in /Users/chin/eclipse-workspace/HomeGym)
2021-11-05 08:38:22,917 INFO org.springframework.boot.SpringApplication [restartedMain] No active profile set, falling back to default profiles: default
2021-11-05 08:38:23,035 INFO org.springframework.boot.logging.DeferredLog [restartedMain] Devtools property defaults active! Set 'spring.devtools.add-properties' to 'false' to disable
2021-11-05 08:38:23,039 INFO org.springframework.boot.logging.DeferredLog [restartedMain] For additional web related logging consider setting the 'logging.level.web' property to 'DEBUG'
2021-11-05 08:38:24,108 INFO org.springframework.data.repository.config.RepositoryConfigurationDelegate [restartedMain] Bootstrapping Spring Data JPA repositories in DEFAULT mode.
2021-11-05 08:38:24,195 INFO org.springframework.data.repository.config.RepositoryConfigurationDelegate [restartedMain] Finished Spring Data repository scanning in 75 ms. Found 2 JPA repository interfaces.
2021-11-05 08:38:24,617 INFO org.springframework.context.support.PostProcessorRegistrationDelegate$BeanPostProcessorChecker [restartedMain] Bean 'org.springframework.security.access.expression.method.DefaultMethodSecurityExpressionHandler@bd6109d' of type [org.springframework.security.access.expression.method.DefaultMethodSecurityExpressionHandler] is not eligible for getting processed by all BeanPostProcessors (for example: not eligible for auto-proxying)
2021-11-05 08:38:24,622 INFO org.springframework.context.support.PostProcessorRegistrationDelegate$BeanPostProcessorChecker [restartedMain] Bean 'methodSecurityMetadataSource' of type [org.springframework.security.access.method.DelegatingMethodSecurityMetadataSource] is not eligible for getting processed by all BeanPostProcessors (for example: not eligible for auto-proxying)
2021-11-05 08:38:24,986 INFO org.springframework.boot.web.embedded.tomcat.TomcatWebServer [restartedMain] Tomcat initialized with port(s): 8080 (http)
2021-11-05 08:38:25,000 INFO org.apache.juli.logging.DirectJDKLog [restartedMain] Initializing ProtocolHandler ["http-nio-8080"]
2021-11-05 08:38:25,001 INFO org.apache.juli.logging.DirectJDKLog [restartedMain] Starting service [Tomcat]
2021-11-05 08:38:25,001 INFO org.apache.juli.logging.DirectJDKLog [restartedMain] Starting Servlet engine: [Apache Tomcat/9.0.53]
2021-11-05 08:38:25,079 INFO org.apache.juli.logging.DirectJDKLog [restartedMain] Initializing Spring embedded WebApplicationContext
2021-11-05 08:38:25,079 INFO org.springframework.boot.web.servlet.context.ServletWebServerApplicationContext [restartedMain] Root WebApplicationContext: initialization completed in 2038 ms
2021-11-05 08:38:25,962 INFO com.zaxxer.hikari.HikariDataSource [restartedMain] HikariPool-1 - Starting...
2021-11-05 08:38:26,905 INFO com.zaxxer.hikari.HikariDataSource [restartedMain] HikariPool-1 - Start completed.
2021-11-05 08:38:28,177 INFO org.springframework.orm.jpa.AbstractEntityManagerFactoryBean [restartedMain] Initialized JPA EntityManagerFactory for persistence unit 'default'
2021-11-05 08:38:28,906 WARN org.springframework.boot.autoconfigure.orm.jpa.JpaBaseConfiguration$JpaWebConfiguration [restartedMain] spring.jpa.open-in-view is enabled by default. Therefore, database queries may be performed during view rendering. Explicitly configure spring.jpa.open-in-view to disable this warning
2021-11-05 08:38:29,697 INFO org.springframework.security.web.DefaultSecurityFilterChain [restartedMain] Will secure any request with [org.springframework.security.web.context.request.async.WebAsyncManagerIntegrationFilter@173214fc, org.springframework.security.web.context.SecurityContextPersistenceFilter@78a60630, org.springframework.security.web.header.HeaderWriterFilter@40ac97d1, org.springframework.security.web.authentication.logout.LogoutFilter@3aa7c901, edu.ntut.project_01.homegym.filter.JwtRequestFilter@434b1a40, org.springframework.security.web.savedrequest.RequestCacheAwareFilter@cedba23, org.springframework.security.web.servletapi.SecurityContextHolderAwareRequestFilter@7b456dd9, org.springframework.security.web.authentication.AnonymousAuthenticationFilter@115c5c2c, org.springframework.security.web.session.SessionManagementFilter@d739e25, org.springframework.security.web.access.ExceptionTranslationFilter@1c02b8cf, org.springframework.security.web.access.intercept.FilterSecurityInterceptor@1e5840ce]
2021-11-05 08:38:30,504 WARN org.springframework.boot.autoconfigure.thymeleaf.ThymeleafAutoConfiguration$DefaultTemplateResolverConfiguration [restartedMain] Cannot find template location: classpath:/templates/ (please add some templates or check your Thymeleaf configuration)
2021-11-05 08:38:30,653 INFO org.springframework.boot.devtools.autoconfigure.OptionalLiveReloadServer [restartedMain] LiveReload server is running on port 35729
2021-11-05 08:38:30,690 INFO org.apache.juli.logging.DirectJDKLog [restartedMain] Starting ProtocolHandler ["http-nio-8080"]
2021-11-05 08:38:30,728 INFO org.springframework.boot.web.embedded.tomcat.TomcatWebServer [restartedMain] Tomcat started on port(s): 8080 (http) with context path ''
2021-11-05 08:38:30,745 INFO org.springframework.boot.StartupInfoLogger [restartedMain] Started HomeGymApplication in 8.455 seconds (JVM running for 11.29)
2021-11-05 08:40:24,244 INFO org.apache.juli.logging.DirectJDKLog [http-nio-8080-exec-1] Initializing Spring DispatcherServlet 'dispatcherServlet'
2021-11-05 08:40:24,246 INFO org.springframework.web.servlet.FrameworkServlet [http-nio-8080-exec-1] Initializing Servlet 'dispatcherServlet'
2021-11-05 08:40:24,247 INFO org.springframework.web.servlet.FrameworkServlet [http-nio-8080-exec-1] Completed initialization in 1 ms
2021-11-05 08:40:28,476 INFO edu.ntut.project_01.homegym.util.MailUtil [http-nio-8080-exec-1] 已寄信
2021-11-05 08:42:47,824 INFO edu.ntut.project_01.homegym.service.impl.MemberServiceImpl [http-nio-8080-exec-3] 會員帳號驗證通過！
2021-11-05 08:43:38,239 INFO edu.ntut.project_01.homegym.util.JwtUtil [http-nio-8080-exec-4] 產生JWT
2021-11-05 08:43:38,287 INFO edu.ntut.project_01.homegym.service.impl.AuthServiceImpl [http-nio-8080-exec-4] JWT: eyJhbGciOiJIUzI1NiJ9.eyJ1c2VybmFtZSI6InpocHM3MjM5QHlhaG9vLmNvbS50dyIsInJvbGUiOlt7ImF1dGhvcml0eSI6IlJPTEVfTUVNQkVSIn1dLCJpc3MiOiJIb21lR3ltQWRtaW4iLCJzdWIiOiJ6aHBzNzIzOUB5YWhvby5jb20udHciLCJpYXQiOjE2MzYwNzMwMTgsImV4cCI6MTYzNjA3NjYxOH0.uCi7cK_BQCyA4O4GcEpDq_OfYn3MzFGenjrQZgPlNIY
2021-11-05 08:44:36,513 INFO edu.ntut.project_01.homegym.util.JwtUtil [http-nio-8080-exec-5] 解析JWT
2021-11-05 08:44:36,547 INFO edu.ntut.project_01.homegym.filter.JwtRequestFilter [http-nio-8080-exec-5] checking authentication zhps7239@yahoo.com.tw
2021-11-05 08:44:36,562 INFO edu.ntut.project_01.homegym.util.JwtUtil [http-nio-8080-exec-5] 解析JWT
2021-11-05 08:44:36,565 INFO edu.ntut.project_01.homegym.util.JwtUtil [http-nio-8080-exec-5] 解析JWT
2021-11-05 08:44:36,568 INFO edu.ntut.project_01.homegym.filter.JwtRequestFilter [http-nio-8080-exec-5] authenticated user zhps7239@yahoo.com.tw, setting security context
2021-11-05 08:44:36,569 INFO edu.ntut.project_01.homegym.util.JwtUtil [http-nio-8080-exec-5] 解析JWT
2021-11-05 08:44:36,572 INFO edu.ntut.project_01.homegym.filter.JwtRequestFilter [http-nio-8080-exec-5] checking authentication zhps7239@yahoo.com.tw
2021-11-05 08:45:37,209 INFO edu.ntut.project_01.homegym.util.JwtUtil [http-nio-8080-exec-7] 解析JWT
2021-11-05 08:45:37,213 INFO edu.ntut.project_01.homegym.filter.JwtRequestFilter [http-nio-8080-exec-7] checking authentication zhps7239@yahoo.com.tw
2021-11-05 08:45:37,231 INFO edu.ntut.project_01.homegym.util.JwtUtil [http-nio-8080-exec-7] 解析JWT
2021-11-05 08:45:37,233 INFO edu.ntut.project_01.homegym.util.JwtUtil [http-nio-8080-exec-7] 解析JWT
2021-11-05 08:45:37,236 INFO edu.ntut.project_01.homegym.filter.JwtRequestFilter [http-nio-8080-exec-7] authenticated user zhps7239@yahoo.com.tw, setting security context
2021-11-05 08:45:37,237 INFO edu.ntut.project_01.homegym.util.JwtUtil [http-nio-8080-exec-7] 解析JWT
2021-11-05 08:45:37,240 INFO edu.ntut.project_01.homegym.filter.JwtRequestFilter [http-nio-8080-exec-7] checking authentication zhps7239@yahoo.com.tw
2021-11-05 08:45:41,468 INFO edu.ntut.project_01.homegym.util.JwtUtil [http-nio-8080-exec-8] 解析JWT
2021-11-05 08:45:41,470 INFO edu.ntut.project_01.homegym.filter.JwtRequestFilter [http-nio-8080-exec-8] checking authentication zhps7239@yahoo.com.tw
2021-11-05 08:45:41,490 INFO edu.ntut.project_01.homegym.util.JwtUtil [http-nio-8080-exec-8] 解析JWT
2021-11-05 08:45:41,492 INFO edu.ntut.project_01.homegym.util.JwtUtil [http-nio-8080-exec-8] 解析JWT
2021-11-05 08:45:41,495 INFO edu.ntut.project_01.homegym.filter.JwtRequestFilter [http-nio-8080-exec-8] authenticated user zhps7239@yahoo.com.tw, setting security context
2021-11-05 08:45:41,497 INFO edu.ntut.project_01.homegym.util.JwtUtil [http-nio-8080-exec-8] 解析JWT
2021-11-05 08:45:41,500 INFO edu.ntut.project_01.homegym.filter.JwtRequestFilter [http-nio-8080-exec-8] checking authentication zhps7239@yahoo.com.tw
2021-11-05 08:47:25,179 INFO edu.ntut.project_01.homegym.util.JwtUtil [http-nio-8080-exec-10] 解析JWT
2021-11-05 08:47:25,183 INFO edu.ntut.project_01.homegym.filter.JwtRequestFilter [http-nio-8080-exec-10] checking authentication zhps7239@yahoo.com.tw
2021-11-05 08:47:25,199 INFO edu.ntut.project_01.homegym.util.JwtUtil [http-nio-8080-exec-10] 解析JWT
2021-11-05 08:47:25,200 INFO edu.ntut.project_01.homegym.util.JwtUtil [http-nio-8080-exec-10] 解析JWT
2021-11-05 08:47:25,202 INFO edu.ntut.project_01.homegym.filter.JwtRequestFilter [http-nio-8080-exec-10] authenticated user zhps7239@yahoo.com.tw, setting security context
2021-11-05 08:47:25,203 INFO edu.ntut.project_01.homegym.util.JwtUtil [http-nio-8080-exec-10] 解析JWT
2021-11-05 08:47:25,207 INFO edu.ntut.project_01.homegym.filter.JwtRequestFilter [http-nio-8080-exec-10] checking authentication zhps7239@yahoo.com.tw
2021-11-05 08:47:25,229 INFO edu.ntut.project_01.homegym.util.JwtUtil [http-nio-8080-exec-10] 解析JWT
2021-11-05 08:47:25,231 INFO edu.ntut.project_01.homegym.service.impl.MemberServiceImpl [http-nio-8080-exec-10] UserName: zhps7239@yahoo.com.tw
2021-11-05 09:00:41,680 WARN com.zaxxer.hikari.pool.HikariPool$HouseKeeper [HikariPool-1 housekeeper] HikariPool-1 - Thread starvation or clock leap detected (housekeeper delta=1m44s520ms).
2021-11-05 09:06:18,502 INFO org.springframework.orm.jpa.AbstractEntityManagerFactoryBean [SpringApplicationShutdownHook] Closing JPA EntityManagerFactory for persistence unit 'default'
2021-11-05 09:06:18,520 INFO com.zaxxer.hikari.HikariDataSource [SpringApplicationShutdownHook] HikariPool-1 - Shutdown initiated...
2021-11-05 09:06:18,547 INFO com.zaxxer.hikari.HikariDataSource [SpringApplicationShutdownHook] HikariPool-1 - Shutdown completed.
2021-11-05 09:06:25,681 INFO org.springframework.boot.StartupInfoLogger [restartedMain] Starting HomeGymApplication using Java 11.0.12 on qinlihandeMBP with PID 1571 (/Users/chin/eclipse-workspace/HomeGym/target/classes started by chin in /Users/chin/eclipse-workspace/HomeGym)
2021-11-05 09:06:25,697 INFO org.springframework.boot.SpringApplication [restartedMain] No active profile set, falling back to default profiles: default
2021-11-05 09:06:25,756 INFO org.springframework.boot.logging.DeferredLog [restartedMain] Devtools property defaults active! Set 'spring.devtools.add-properties' to 'false' to disable
2021-11-05 09:06:25,757 INFO org.springframework.boot.logging.DeferredLog [restartedMain] For additional web related logging consider setting the 'logging.level.web' property to 'DEBUG'
2021-11-05 09:06:26,554 INFO org.springframework.data.repository.config.RepositoryConfigurationDelegate [restartedMain] Bootstrapping Spring Data JPA repositories in DEFAULT mode.
2021-11-05 09:06:26,615 INFO org.springframework.data.repository.config.RepositoryConfigurationDelegate [restartedMain] Finished Spring Data repository scanning in 53 ms. Found 2 JPA repository interfaces.
2021-11-05 09:06:26,959 INFO org.springframework.context.support.PostProcessorRegistrationDelegate$BeanPostProcessorChecker [restartedMain] Bean 'org.springframework.security.access.expression.method.DefaultMethodSecurityExpressionHandler@ddad593' of type [org.springframework.security.access.expression.method.DefaultMethodSecurityExpressionHandler] is not eligible for getting processed by all BeanPostProcessors (for example: not eligible for auto-proxying)
2021-11-05 09:06:26,962 INFO org.springframework.context.support.PostProcessorRegistrationDelegate$BeanPostProcessorChecker [restartedMain] Bean 'methodSecurityMetadataSource' of type [org.springframework.security.access.method.DelegatingMethodSecurityMetadataSource] is not eligible for getting processed by all BeanPostProcessors (for example: not eligible for auto-proxying)
2021-11-05 09:06:27,272 INFO org.springframework.boot.web.embedded.tomcat.TomcatWebServer [restartedMain] Tomcat initialized with port(s): 8080 (http)
2021-11-05 09:06:27,284 INFO org.apache.juli.logging.DirectJDKLog [restartedMain] Initializing ProtocolHandler ["http-nio-8080"]
2021-11-05 09:06:27,285 INFO org.apache.juli.logging.DirectJDKLog [restartedMain] Starting service [Tomcat]
2021-11-05 09:06:27,285 INFO org.apache.juli.logging.DirectJDKLog [restartedMain] Starting Servlet engine: [Apache Tomcat/9.0.53]
2021-11-05 09:06:27,357 INFO org.apache.juli.logging.DirectJDKLog [restartedMain] Initializing Spring embedded WebApplicationContext
2021-11-05 09:06:27,357 INFO org.springframework.boot.web.servlet.context.ServletWebServerApplicationContext [restartedMain] Root WebApplicationContext: initialization completed in 1599 ms
2021-11-05 09:06:27,822 INFO com.zaxxer.hikari.HikariDataSource [restartedMain] HikariPool-1 - Starting...
2021-11-05 09:06:28,151 INFO com.zaxxer.hikari.HikariDataSource [restartedMain] HikariPool-1 - Start completed.
2021-11-05 09:06:29,278 INFO org.springframework.orm.jpa.AbstractEntityManagerFactoryBean [restartedMain] Initialized JPA EntityManagerFactory for persistence unit 'default'
2021-11-05 09:06:29,730 WARN org.springframework.boot.autoconfigure.orm.jpa.JpaBaseConfiguration$JpaWebConfiguration [restartedMain] spring.jpa.open-in-view is enabled by default. Therefore, database queries may be performed during view rendering. Explicitly configure spring.jpa.open-in-view to disable this warning
2021-11-05 09:06:30,102 INFO org.springframework.security.web.DefaultSecurityFilterChain [restartedMain] Will secure any request with [org.springframework.security.web.context.request.async.WebAsyncManagerIntegrationFilter@51683525, org.springframework.security.web.context.SecurityContextPersistenceFilter@79127622, org.springframework.security.web.header.HeaderWriterFilter@31f96950, org.springframework.security.web.authentication.logout.LogoutFilter@2864fd22, edu.ntut.project_01.homegym.filter.JwtRequestFilter@46197efc, org.springframework.security.web.savedrequest.RequestCacheAwareFilter@31e2f74d, org.springframework.security.web.servletapi.SecurityContextHolderAwareRequestFilter@11dc6ce9, org.springframework.security.web.authentication.AnonymousAuthenticationFilter@7666d4ed, org.springframework.security.web.session.SessionManagementFilter@6828ce3, org.springframework.security.web.access.ExceptionTranslationFilter@105eba22, org.springframework.security.web.access.intercept.FilterSecurityInterceptor@2d337a96]
2021-11-05 09:06:30,510 WARN org.springframework.boot.autoconfigure.thymeleaf.ThymeleafAutoConfiguration$DefaultTemplateResolverConfiguration [restartedMain] Cannot find template location: classpath:/templates/ (please add some templates or check your Thymeleaf configuration)
2021-11-05 09:06:30,648 INFO org.springframework.boot.devtools.autoconfigure.OptionalLiveReloadServer [restartedMain] LiveReload server is running on port 35729
2021-11-05 09:06:30,675 INFO org.apache.juli.logging.DirectJDKLog [restartedMain] Starting ProtocolHandler ["http-nio-8080"]
2021-11-05 09:06:30,708 INFO org.springframework.boot.web.embedded.tomcat.TomcatWebServer [restartedMain] Tomcat started on port(s): 8080 (http) with context path ''
2021-11-05 09:06:30,725 INFO org.springframework.boot.StartupInfoLogger [restartedMain] Started HomeGymApplication in 5.556 seconds (JVM running for 7.281)
2021-11-05 09:07:00,884 INFO org.apache.juli.logging.DirectJDKLog [http-nio-8080-exec-1] Initializing Spring DispatcherServlet 'dispatcherServlet'
2021-11-05 09:07:00,885 INFO org.springframework.web.servlet.FrameworkServlet [http-nio-8080-exec-1] Initializing Servlet 'dispatcherServlet'
2021-11-05 09:07:00,887 INFO org.springframework.web.servlet.FrameworkServlet [http-nio-8080-exec-1] Completed initialization in 2 ms
2021-11-05 09:07:00,907 INFO edu.ntut.project_01.homegym.util.JwtUtil [http-nio-8080-exec-1] 解析JWT
2021-11-05 09:07:00,985 INFO edu.ntut.project_01.homegym.filter.JwtRequestFilter [http-nio-8080-exec-1] checking authentication zhps7239@yahoo.com.tw
2021-11-05 09:07:01,228 INFO edu.ntut.project_01.homegym.util.JwtUtil [http-nio-8080-exec-1] 解析JWT
2021-11-05 09:07:01,231 INFO edu.ntut.project_01.homegym.util.JwtUtil [http-nio-8080-exec-1] 解析JWT
2021-11-05 09:07:01,234 INFO edu.ntut.project_01.homegym.filter.JwtRequestFilter [http-nio-8080-exec-1] authenticated user zhps7239@yahoo.com.tw, setting security context
2021-11-05 09:07:01,242 INFO edu.ntut.project_01.homegym.util.JwtUtil [http-nio-8080-exec-1] 解析JWT
2021-11-05 09:07:01,244 INFO edu.ntut.project_01.homegym.filter.JwtRequestFilter [http-nio-8080-exec-1] checking authentication zhps7239@yahoo.com.tw
2021-11-05 09:07:01,288 INFO edu.ntut.project_01.homegym.util.JwtUtil [http-nio-8080-exec-1] 解析JWT
2021-11-05 09:07:01,290 INFO edu.ntut.project_01.homegym.service.impl.MemberServiceImpl [http-nio-8080-exec-1] UserName: zhps7239@yahoo.com.tw
2021-11-05 09:07:24,414 INFO org.springframework.orm.jpa.AbstractEntityManagerFactoryBean [SpringApplicationShutdownHook] Closing JPA EntityManagerFactory for persistence unit 'default'
2021-11-05 09:07:24,426 INFO com.zaxxer.hikari.HikariDataSource [SpringApplicationShutdownHook] HikariPool-1 - Shutdown initiated...
2021-11-05 09:07:24,458 INFO com.zaxxer.hikari.HikariDataSource [SpringApplicationShutdownHook] HikariPool-1 - Shutdown completed.
2021-11-05 09:07:31,314 INFO org.springframework.boot.StartupInfoLogger [restartedMain] Starting HomeGymApplication using Java 11.0.12 on qinlihandeMBP with PID 1582 (/Users/chin/eclipse-workspace/HomeGym/target/classes started by chin in /Users/chin/eclipse-workspace/HomeGym)
2021-11-05 09:07:31,325 INFO org.springframework.boot.SpringApplication [restartedMain] No active profile set, falling back to default profiles: default
2021-11-05 09:07:31,378 INFO org.springframework.boot.logging.DeferredLog [restartedMain] Devtools property defaults active! Set 'spring.devtools.add-properties' to 'false' to disable
2021-11-05 09:07:31,378 INFO org.springframework.boot.logging.DeferredLog [restartedMain] For additional web related logging consider setting the 'logging.level.web' property to 'DEBUG'
2021-11-05 09:07:32,055 INFO org.springframework.data.repository.config.RepositoryConfigurationDelegate [restartedMain] Bootstrapping Spring Data JPA repositories in DEFAULT mode.
2021-11-05 09:07:32,117 INFO org.springframework.data.repository.config.RepositoryConfigurationDelegate [restartedMain] Finished Spring Data repository scanning in 47 ms. Found 2 JPA repository interfaces.
2021-11-05 09:07:32,412 INFO org.springframework.context.support.PostProcessorRegistrationDelegate$BeanPostProcessorChecker [restartedMain] Bean 'org.springframework.security.access.expression.method.DefaultMethodSecurityExpressionHandler@4f804e81' of type [org.springframework.security.access.expression.method.DefaultMethodSecurityExpressionHandler] is not eligible for getting processed by all BeanPostProcessors (for example: not eligible for auto-proxying)
2021-11-05 09:07:32,415 INFO org.springframework.context.support.PostProcessorRegistrationDelegate$BeanPostProcessorChecker [restartedMain] Bean 'methodSecurityMetadataSource' of type [org.springframework.security.access.method.DelegatingMethodSecurityMetadataSource] is not eligible for getting processed by all BeanPostProcessors (for example: not eligible for auto-proxying)
2021-11-05 09:07:32,671 INFO org.springframework.boot.web.embedded.tomcat.TomcatWebServer [restartedMain] Tomcat initialized with port(s): 8080 (http)
2021-11-05 09:07:32,681 INFO org.apache.juli.logging.DirectJDKLog [restartedMain] Initializing ProtocolHandler ["http-nio-8080"]
2021-11-05 09:07:32,682 INFO org.apache.juli.logging.DirectJDKLog [restartedMain] Starting service [Tomcat]
2021-11-05 09:07:32,683 INFO org.apache.juli.logging.DirectJDKLog [restartedMain] Starting Servlet engine: [Apache Tomcat/9.0.53]
2021-11-05 09:07:32,757 INFO org.apache.juli.logging.DirectJDKLog [restartedMain] Initializing Spring embedded WebApplicationContext
2021-11-05 09:07:32,757 INFO org.springframework.boot.web.servlet.context.ServletWebServerApplicationContext [restartedMain] Root WebApplicationContext: initialization completed in 1378 ms
2021-11-05 09:07:33,113 INFO com.zaxxer.hikari.HikariDataSource [restartedMain] HikariPool-1 - Starting...
2021-11-05 09:07:33,444 INFO com.zaxxer.hikari.HikariDataSource [restartedMain] HikariPool-1 - Start completed.
2021-11-05 09:07:34,350 INFO org.springframework.orm.jpa.AbstractEntityManagerFactoryBean [restartedMain] Initialized JPA EntityManagerFactory for persistence unit 'default'
2021-11-05 09:07:34,715 WARN org.springframework.boot.autoconfigure.orm.jpa.JpaBaseConfiguration$JpaWebConfiguration [restartedMain] spring.jpa.open-in-view is enabled by default. Therefore, database queries may be performed during view rendering. Explicitly configure spring.jpa.open-in-view to disable this warning
2021-11-05 09:07:35,005 INFO org.springframework.security.web.DefaultSecurityFilterChain [restartedMain] Will secure any request with [org.springframework.security.web.context.request.async.WebAsyncManagerIntegrationFilter@6ebe309c, org.springframework.security.web.context.SecurityContextPersistenceFilter@5eeced3d, org.springframework.security.web.header.HeaderWriterFilter@3ea6c23f, org.springframework.security.web.authentication.logout.LogoutFilter@f7221a6, edu.ntut.project_01.homegym.filter.JwtRequestFilter@7c9537b9, org.springframework.security.web.savedrequest.RequestCacheAwareFilter@5a57a479, org.springframework.security.web.servletapi.SecurityContextHolderAwareRequestFilter@6a92f516, org.springframework.security.web.authentication.AnonymousAuthenticationFilter@89fa5f3, org.springframework.security.web.session.SessionManagementFilter@44bdcf58, org.springframework.security.web.access.ExceptionTranslationFilter@6572a1b8, org.springframework.security.web.access.intercept.FilterSecurityInterceptor@7eeea3bc]
2021-11-05 09:07:35,349 WARN org.springframework.boot.autoconfigure.thymeleaf.ThymeleafAutoConfiguration$DefaultTemplateResolverConfiguration [restartedMain] Cannot find template location: classpath:/templates/ (please add some templates or check your Thymeleaf configuration)
2021-11-05 09:07:35,460 INFO org.springframework.boot.devtools.autoconfigure.OptionalLiveReloadServer [restartedMain] LiveReload server is running on port 35729
2021-11-05 09:07:35,487 INFO org.apache.juli.logging.DirectJDKLog [restartedMain] Starting ProtocolHandler ["http-nio-8080"]
2021-11-05 09:07:35,515 INFO org.springframework.boot.web.embedded.tomcat.TomcatWebServer [restartedMain] Tomcat started on port(s): 8080 (http) with context path ''
2021-11-05 09:07:35,527 INFO org.springframework.boot.StartupInfoLogger [restartedMain] Started HomeGymApplication in 4.733 seconds (JVM running for 6.309)
2021-11-05 09:07:39,227 INFO org.apache.juli.logging.DirectJDKLog [http-nio-8080-exec-1] Initializing Spring DispatcherServlet 'dispatcherServlet'
2021-11-05 09:07:39,228 INFO org.springframework.web.servlet.FrameworkServlet [http-nio-8080-exec-1] Initializing Servlet 'dispatcherServlet'
2021-11-05 09:07:39,229 INFO org.springframework.web.servlet.FrameworkServlet [http-nio-8080-exec-1] Completed initialization in 1 ms
2021-11-05 09:07:39,247 INFO edu.ntut.project_01.homegym.util.JwtUtil [http-nio-8080-exec-1] 解析JWT
2021-11-05 09:07:39,299 INFO edu.ntut.project_01.homegym.filter.JwtRequestFilter [http-nio-8080-exec-1] checking authentication zhps7239@yahoo.com.tw
2021-11-05 09:07:39,469 INFO edu.ntut.project_01.homegym.util.JwtUtil [http-nio-8080-exec-1] 解析JWT
2021-11-05 09:07:39,477 INFO edu.ntut.project_01.homegym.util.JwtUtil [http-nio-8080-exec-1] 解析JWT
2021-11-05 09:07:39,488 INFO edu.ntut.project_01.homegym.filter.JwtRequestFilter [http-nio-8080-exec-1] authenticated user zhps7239@yahoo.com.tw, setting security context
2021-11-05 09:07:39,516 INFO edu.ntut.project_01.homegym.util.JwtUtil [http-nio-8080-exec-1] 解析JWT
2021-11-05 09:07:39,521 INFO edu.ntut.project_01.homegym.filter.JwtRequestFilter [http-nio-8080-exec-1] checking authentication zhps7239@yahoo.com.tw
2021-11-05 09:07:39,582 INFO edu.ntut.project_01.homegym.util.JwtUtil [http-nio-8080-exec-1] 解析JWT
2021-11-05 09:07:39,584 INFO edu.ntut.project_01.homegym.service.impl.MemberServiceImpl [http-nio-8080-exec-1] UserName: zhps7239@yahoo.com.tw
2021-11-05 09:09:30,301 INFO org.springframework.orm.jpa.AbstractEntityManagerFactoryBean [SpringApplicationShutdownHook] Closing JPA EntityManagerFactory for persistence unit 'default'
2021-11-05 09:09:30,317 INFO com.zaxxer.hikari.HikariDataSource [SpringApplicationShutdownHook] HikariPool-1 - Shutdown initiated...
2021-11-05 09:09:30,351 INFO com.zaxxer.hikari.HikariDataSource [SpringApplicationShutdownHook] HikariPool-1 - Shutdown completed.
2021-11-05 09:09:36,803 INFO org.springframework.boot.StartupInfoLogger [restartedMain] Starting HomeGymApplication using Java 11.0.12 on qinlihandeMBP with PID 1596 (/Users/chin/eclipse-workspace/HomeGym/target/classes started by chin in /Users/chin/eclipse-workspace/HomeGym)
2021-11-05 09:09:36,815 INFO org.springframework.boot.SpringApplication [restartedMain] No active profile set, falling back to default profiles: default
2021-11-05 09:09:36,855 INFO org.springframework.boot.logging.DeferredLog [restartedMain] Devtools property defaults active! Set 'spring.devtools.add-properties' to 'false' to disable
2021-11-05 09:09:36,856 INFO org.springframework.boot.logging.DeferredLog [restartedMain] For additional web related logging consider setting the 'logging.level.web' property to 'DEBUG'
2021-11-05 09:09:37,534 INFO org.springframework.data.repository.config.RepositoryConfigurationDelegate [restartedMain] Bootstrapping Spring Data JPA repositories in DEFAULT mode.
2021-11-05 09:09:37,585 INFO org.springframework.data.repository.config.RepositoryConfigurationDelegate [restartedMain] Finished Spring Data repository scanning in 44 ms. Found 2 JPA repository interfaces.
2021-11-05 09:09:37,878 INFO org.springframework.context.support.PostProcessorRegistrationDelegate$BeanPostProcessorChecker [restartedMain] Bean 'org.springframework.security.access.expression.method.DefaultMethodSecurityExpressionHandler@444c12dd' of type [org.springframework.security.access.expression.method.DefaultMethodSecurityExpressionHandler] is not eligible for getting processed by all BeanPostProcessors (for example: not eligible for auto-proxying)
2021-11-05 09:09:37,881 INFO org.springframework.context.support.PostProcessorRegistrationDelegate$BeanPostProcessorChecker [restartedMain] Bean 'methodSecurityMetadataSource' of type [org.springframework.security.access.method.DelegatingMethodSecurityMetadataSource] is not eligible for getting processed by all BeanPostProcessors (for example: not eligible for auto-proxying)
2021-11-05 09:09:38,115 INFO org.springframework.boot.web.embedded.tomcat.TomcatWebServer [restartedMain] Tomcat initialized with port(s): 8080 (http)
2021-11-05 09:09:38,129 INFO org.apache.juli.logging.DirectJDKLog [restartedMain] Initializing ProtocolHandler ["http-nio-8080"]
2021-11-05 09:09:38,130 INFO org.apache.juli.logging.DirectJDKLog [restartedMain] Starting service [Tomcat]
2021-11-05 09:09:38,131 INFO org.apache.juli.logging.DirectJDKLog [restartedMain] Starting Servlet engine: [Apache Tomcat/9.0.53]
2021-11-05 09:09:38,189 INFO org.apache.juli.logging.DirectJDKLog [restartedMain] Initializing Spring embedded WebApplicationContext
2021-11-05 09:09:38,189 INFO org.springframework.boot.web.servlet.context.ServletWebServerApplicationContext [restartedMain] Root WebApplicationContext: initialization completed in 1333 ms
2021-11-05 09:09:38,577 INFO com.zaxxer.hikari.HikariDataSource [restartedMain] HikariPool-1 - Starting...
2021-11-05 09:09:38,887 INFO com.zaxxer.hikari.HikariDataSource [restartedMain] HikariPool-1 - Start completed.
2021-11-05 09:09:39,836 INFO org.springframework.orm.jpa.AbstractEntityManagerFactoryBean [restartedMain] Initialized JPA EntityManagerFactory for persistence unit 'default'
2021-11-05 09:09:40,243 WARN org.springframework.boot.autoconfigure.orm.jpa.JpaBaseConfiguration$JpaWebConfiguration [restartedMain] spring.jpa.open-in-view is enabled by default. Therefore, database queries may be performed during view rendering. Explicitly configure spring.jpa.open-in-view to disable this warning
2021-11-05 09:09:40,655 INFO org.springframework.security.web.DefaultSecurityFilterChain [restartedMain] Will secure any request with [org.springframework.security.web.context.request.async.WebAsyncManagerIntegrationFilter@65e37721, org.springframework.security.web.context.SecurityContextPersistenceFilter@69753302, org.springframework.security.web.header.HeaderWriterFilter@510c88ac, org.springframework.security.web.authentication.logout.LogoutFilter@1f79c64d, edu.ntut.project_01.homegym.filter.JwtRequestFilter@355bc2e8, org.springframework.security.web.savedrequest.RequestCacheAwareFilter@6575c9eb, org.springframework.security.web.servletapi.SecurityContextHolderAwareRequestFilter@43361674, org.springframework.security.web.authentication.AnonymousAuthenticationFilter@250f7f6, org.springframework.security.web.session.SessionManagementFilter@98a550a, org.springframework.security.web.access.ExceptionTranslationFilter@26585a4e, org.springframework.security.web.access.intercept.FilterSecurityInterceptor@725ba025]
2021-11-05 09:09:41,022 WARN org.springframework.boot.autoconfigure.thymeleaf.ThymeleafAutoConfiguration$DefaultTemplateResolverConfiguration [restartedMain] Cannot find template location: classpath:/templates/ (please add some templates or check your Thymeleaf configuration)
2021-11-05 09:09:41,126 INFO org.springframework.boot.devtools.autoconfigure.OptionalLiveReloadServer [restartedMain] LiveReload server is running on port 35729
2021-11-05 09:09:41,151 INFO org.apache.juli.logging.DirectJDKLog [restartedMain] Starting ProtocolHandler ["http-nio-8080"]
2021-11-05 09:09:41,181 INFO org.springframework.boot.web.embedded.tomcat.TomcatWebServer [restartedMain] Tomcat started on port(s): 8080 (http) with context path ''
2021-11-05 09:09:41,214 INFO org.springframework.boot.StartupInfoLogger [restartedMain] Started HomeGymApplication in 4.844 seconds (JVM running for 6.452)
2021-11-05 09:09:45,402 INFO org.apache.juli.logging.DirectJDKLog [http-nio-8080-exec-1] Initializing Spring DispatcherServlet 'dispatcherServlet'
2021-11-05 09:09:45,403 INFO org.springframework.web.servlet.FrameworkServlet [http-nio-8080-exec-1] Initializing Servlet 'dispatcherServlet'
2021-11-05 09:09:45,404 INFO org.springframework.web.servlet.FrameworkServlet [http-nio-8080-exec-1] Completed initialization in 1 ms
2021-11-05 09:09:45,421 INFO edu.ntut.project_01.homegym.util.JwtUtil [http-nio-8080-exec-1] 解析JWT
2021-11-05 09:09:45,471 INFO edu.ntut.project_01.homegym.filter.JwtRequestFilter [http-nio-8080-exec-1] checking authentication zhps7239@yahoo.com.tw
2021-11-05 09:09:45,737 INFO edu.ntut.project_01.homegym.util.JwtUtil [http-nio-8080-exec-1] 解析JWT
2021-11-05 09:09:45,740 INFO edu.ntut.project_01.homegym.util.JwtUtil [http-nio-8080-exec-1] 解析JWT
2021-11-05 09:09:45,743 INFO edu.ntut.project_01.homegym.filter.JwtRequestFilter [http-nio-8080-exec-1] authenticated user zhps7239@yahoo.com.tw, setting security context
2021-11-05 09:09:45,753 INFO edu.ntut.project_01.homegym.util.JwtUtil [http-nio-8080-exec-1] 解析JWT
2021-11-05 09:09:45,755 INFO edu.ntut.project_01.homegym.filter.JwtRequestFilter [http-nio-8080-exec-1] checking authentication zhps7239@yahoo.com.tw
2021-11-05 09:09:45,805 INFO edu.ntut.project_01.homegym.util.JwtUtil [http-nio-8080-exec-1] 解析JWT
2021-11-05 09:09:45,807 INFO edu.ntut.project_01.homegym.service.impl.MemberServiceImpl [http-nio-8080-exec-1] UserName: zhps7239@yahoo.com.tw
2021-11-05 09:09:46,000 INFO edu.ntut.project_01.homegym.service.impl.MemberServiceImpl [http-nio-8080-exec-1] $2a$10$AdKzunQNZ0Rx2WDGWruJ8uoeyLYOgPYMYLy62QGMeG6XwVFsix8F6
2021-11-05 09:09:46,000 INFO edu.ntut.project_01.homegym.service.impl.MemberServiceImpl [http-nio-8080-exec-1] $2a$10$32yXe4pavQIUMUc7J0x2pOvdS0fqQoI0kUihlkEGSB2nPqR9mwzT6
2021-11-05 09:13:35,745 INFO org.springframework.orm.jpa.AbstractEntityManagerFactoryBean [SpringApplicationShutdownHook] Closing JPA EntityManagerFactory for persistence unit 'default'
2021-11-05 09:13:35,764 INFO com.zaxxer.hikari.HikariDataSource [SpringApplicationShutdownHook] HikariPool-1 - Shutdown initiated...
2021-11-05 09:13:35,791 INFO com.zaxxer.hikari.HikariDataSource [SpringApplicationShutdownHook] HikariPool-1 - Shutdown completed.
2021-11-05 09:13:42,576 INFO org.springframework.boot.StartupInfoLogger [restartedMain] Starting HomeGymApplication using Java 11.0.12 on qinlihandeMBP with PID 1627 (/Users/chin/eclipse-workspace/HomeGym/target/classes started by chin in /Users/chin/eclipse-workspace/HomeGym)
2021-11-05 09:13:42,585 INFO org.springframework.boot.SpringApplication [restartedMain] No active profile set, falling back to default profiles: default
2021-11-05 09:13:42,638 INFO org.springframework.boot.logging.DeferredLog [restartedMain] Devtools property defaults active! Set 'spring.devtools.add-properties' to 'false' to disable
2021-11-05 09:13:42,639 INFO org.springframework.boot.logging.DeferredLog [restartedMain] For additional web related logging consider setting the 'logging.level.web' property to 'DEBUG'
2021-11-05 09:13:43,367 INFO org.springframework.data.repository.config.RepositoryConfigurationDelegate [restartedMain] Bootstrapping Spring Data JPA repositories in DEFAULT mode.
2021-11-05 09:13:43,417 INFO org.springframework.data.repository.config.RepositoryConfigurationDelegate [restartedMain] Finished Spring Data repository scanning in 43 ms. Found 2 JPA repository interfaces.
2021-11-05 09:13:43,754 INFO org.springframework.context.support.PostProcessorRegistrationDelegate$BeanPostProcessorChecker [restartedMain] Bean 'org.springframework.security.access.expression.method.DefaultMethodSecurityExpressionHandler@7493818d' of type [org.springframework.security.access.expression.method.DefaultMethodSecurityExpressionHandler] is not eligible for getting processed by all BeanPostProcessors (for example: not eligible for auto-proxying)
2021-11-05 09:13:43,759 INFO org.springframework.context.support.PostProcessorRegistrationDelegate$BeanPostProcessorChecker [restartedMain] Bean 'methodSecurityMetadataSource' of type [org.springframework.security.access.method.DelegatingMethodSecurityMetadataSource] is not eligible for getting processed by all BeanPostProcessors (for example: not eligible for auto-proxying)
2021-11-05 09:13:44,031 INFO org.springframework.boot.web.embedded.tomcat.TomcatWebServer [restartedMain] Tomcat initialized with port(s): 8080 (http)
2021-11-05 09:13:44,040 INFO org.apache.juli.logging.DirectJDKLog [restartedMain] Initializing ProtocolHandler ["http-nio-8080"]
2021-11-05 09:13:44,041 INFO org.apache.juli.logging.DirectJDKLog [restartedMain] Starting service [Tomcat]
2021-11-05 09:13:44,042 INFO org.apache.juli.logging.DirectJDKLog [restartedMain] Starting Servlet engine: [Apache Tomcat/9.0.53]
2021-11-05 09:13:44,104 INFO org.apache.juli.logging.DirectJDKLog [restartedMain] Initializing Spring embedded WebApplicationContext
2021-11-05 09:13:44,105 INFO org.springframework.boot.web.servlet.context.ServletWebServerApplicationContext [restartedMain] Root WebApplicationContext: initialization completed in 1466 ms
2021-11-05 09:13:44,508 INFO com.zaxxer.hikari.HikariDataSource [restartedMain] HikariPool-1 - Starting...
2021-11-05 09:13:44,821 INFO com.zaxxer.hikari.HikariDataSource [restartedMain] HikariPool-1 - Start completed.
2021-11-05 09:13:45,874 INFO org.springframework.orm.jpa.AbstractEntityManagerFactoryBean [restartedMain] Initialized JPA EntityManagerFactory for persistence unit 'default'
2021-11-05 09:13:46,280 WARN org.springframework.boot.autoconfigure.orm.jpa.JpaBaseConfiguration$JpaWebConfiguration [restartedMain] spring.jpa.open-in-view is enabled by default. Therefore, database queries may be performed during view rendering. Explicitly configure spring.jpa.open-in-view to disable this warning
2021-11-05 09:13:46,618 INFO org.springframework.security.web.DefaultSecurityFilterChain [restartedMain] Will secure any request with [org.springframework.security.web.context.request.async.WebAsyncManagerIntegrationFilter@3fa4f221, org.springframework.security.web.context.SecurityContextPersistenceFilter@42328f2a, org.springframework.security.web.header.HeaderWriterFilter@5585aae2, org.springframework.security.web.authentication.logout.LogoutFilter@32b72cef, edu.ntut.project_01.homegym.filter.JwtRequestFilter@5412e827, org.springframework.security.web.savedrequest.RequestCacheAwareFilter@17e8fe48, org.springframework.security.web.servletapi.SecurityContextHolderAwareRequestFilter@58525f8f, org.springframework.security.web.authentication.AnonymousAuthenticationFilter@71806e48, org.springframework.security.web.session.SessionManagementFilter@2af61cf1, org.springframework.security.web.access.ExceptionTranslationFilter@58b9d2bf, org.springframework.security.web.access.intercept.FilterSecurityInterceptor@3bb41a3e]
2021-11-05 09:13:46,977 WARN org.springframework.boot.autoconfigure.thymeleaf.ThymeleafAutoConfiguration$DefaultTemplateResolverConfiguration [restartedMain] Cannot find template location: classpath:/templates/ (please add some templates or check your Thymeleaf configuration)
2021-11-05 09:13:47,114 INFO org.springframework.boot.devtools.autoconfigure.OptionalLiveReloadServer [restartedMain] LiveReload server is running on port 35729
2021-11-05 09:13:47,144 INFO org.apache.juli.logging.DirectJDKLog [restartedMain] Starting ProtocolHandler ["http-nio-8080"]
2021-11-05 09:13:47,176 INFO org.springframework.boot.web.embedded.tomcat.TomcatWebServer [restartedMain] Tomcat started on port(s): 8080 (http) with context path ''
2021-11-05 09:13:47,194 INFO org.springframework.boot.StartupInfoLogger [restartedMain] Started HomeGymApplication in 5.18 seconds (JVM running for 7.417)
2021-11-05 09:13:49,764 INFO org.apache.juli.logging.DirectJDKLog [http-nio-8080-exec-1] Initializing Spring DispatcherServlet 'dispatcherServlet'
2021-11-05 09:13:49,764 INFO org.springframework.web.servlet.FrameworkServlet [http-nio-8080-exec-1] Initializing Servlet 'dispatcherServlet'
2021-11-05 09:13:49,766 INFO org.springframework.web.servlet.FrameworkServlet [http-nio-8080-exec-1] Completed initialization in 1 ms
2021-11-05 09:13:49,784 INFO edu.ntut.project_01.homegym.util.JwtUtil [http-nio-8080-exec-1] 解析JWT
2021-11-05 09:13:49,843 INFO edu.ntut.project_01.homegym.filter.JwtRequestFilter [http-nio-8080-exec-1] checking authentication zhps7239@yahoo.com.tw
2021-11-05 09:13:50,064 INFO edu.ntut.project_01.homegym.util.JwtUtil [http-nio-8080-exec-1] 解析JWT
2021-11-05 09:13:50,066 INFO edu.ntut.project_01.homegym.util.JwtUtil [http-nio-8080-exec-1] 解析JWT
2021-11-05 09:13:50,069 INFO edu.ntut.project_01.homegym.filter.JwtRequestFilter [http-nio-8080-exec-1] authenticated user zhps7239@yahoo.com.tw, setting security context
2021-11-05 09:13:50,077 INFO edu.ntut.project_01.homegym.util.JwtUtil [http-nio-8080-exec-1] 解析JWT
2021-11-05 09:13:50,079 INFO edu.ntut.project_01.homegym.filter.JwtRequestFilter [http-nio-8080-exec-1] checking authentication zhps7239@yahoo.com.tw
2021-11-05 09:13:50,119 INFO edu.ntut.project_01.homegym.util.JwtUtil [http-nio-8080-exec-1] 解析JWT
2021-11-05 09:13:50,122 INFO edu.ntut.project_01.homegym.service.impl.MemberServiceImpl [http-nio-8080-exec-1] UserName: zhps7239@yahoo.com.tw
2021-11-05 09:14:18,872 INFO org.springframework.orm.jpa.AbstractEntityManagerFactoryBean [SpringApplicationShutdownHook] Closing JPA EntityManagerFactory for persistence unit 'default'
2021-11-05 09:14:18,875 INFO com.zaxxer.hikari.HikariDataSource [SpringApplicationShutdownHook] HikariPool-1 - Shutdown initiated...
2021-11-05 09:14:18,905 INFO com.zaxxer.hikari.HikariDataSource [SpringApplicationShutdownHook] HikariPool-1 - Shutdown completed.
2021-11-05 09:14:25,025 INFO org.springframework.boot.StartupInfoLogger [restartedMain] Starting HomeGymApplication using Java 11.0.12 on qinlihandeMBP with PID 1636 (/Users/chin/eclipse-workspace/HomeGym/target/classes started by chin in /Users/chin/eclipse-workspace/HomeGym)
2021-11-05 09:14:25,031 INFO org.springframework.boot.SpringApplication [restartedMain] No active profile set, falling back to default profiles: default
2021-11-05 09:14:25,068 INFO org.springframework.boot.logging.DeferredLog [restartedMain] Devtools property defaults active! Set 'spring.devtools.add-properties' to 'false' to disable
2021-11-05 09:14:25,068 INFO org.springframework.boot.logging.DeferredLog [restartedMain] For additional web related logging consider setting the 'logging.level.web' property to 'DEBUG'
2021-11-05 09:14:25,766 INFO org.springframework.data.repository.config.RepositoryConfigurationDelegate [restartedMain] Bootstrapping Spring Data JPA repositories in DEFAULT mode.
2021-11-05 09:14:25,811 INFO org.springframework.data.repository.config.RepositoryConfigurationDelegate [restartedMain] Finished Spring Data repository scanning in 39 ms. Found 2 JPA repository interfaces.
2021-11-05 09:14:26,093 INFO org.springframework.context.support.PostProcessorRegistrationDelegate$BeanPostProcessorChecker [restartedMain] Bean 'org.springframework.security.access.expression.method.DefaultMethodSecurityExpressionHandler@59e0532c' of type [org.springframework.security.access.expression.method.DefaultMethodSecurityExpressionHandler] is not eligible for getting processed by all BeanPostProcessors (for example: not eligible for auto-proxying)
2021-11-05 09:14:26,096 INFO org.springframework.context.support.PostProcessorRegistrationDelegate$BeanPostProcessorChecker [restartedMain] Bean 'methodSecurityMetadataSource' of type [org.springframework.security.access.method.DelegatingMethodSecurityMetadataSource] is not eligible for getting processed by all BeanPostProcessors (for example: not eligible for auto-proxying)
2021-11-05 09:14:26,339 INFO org.springframework.boot.web.embedded.tomcat.TomcatWebServer [restartedMain] Tomcat initialized with port(s): 8080 (http)
2021-11-05 09:14:26,347 INFO org.apache.juli.logging.DirectJDKLog [restartedMain] Initializing ProtocolHandler ["http-nio-8080"]
2021-11-05 09:14:26,348 INFO org.apache.juli.logging.DirectJDKLog [restartedMain] Starting service [Tomcat]
2021-11-05 09:14:26,348 INFO org.apache.juli.logging.DirectJDKLog [restartedMain] Starting Servlet engine: [Apache Tomcat/9.0.53]
2021-11-05 09:14:26,407 INFO org.apache.juli.logging.DirectJDKLog [restartedMain] Initializing Spring embedded WebApplicationContext
2021-11-05 09:14:26,408 INFO org.springframework.boot.web.servlet.context.ServletWebServerApplicationContext [restartedMain] Root WebApplicationContext: initialization completed in 1339 ms
2021-11-05 09:14:26,765 INFO com.zaxxer.hikari.HikariDataSource [restartedMain] HikariPool-1 - Starting...
2021-11-05 09:14:27,045 INFO com.zaxxer.hikari.HikariDataSource [restartedMain] HikariPool-1 - Start completed.
2021-11-05 09:14:27,950 INFO org.springframework.orm.jpa.AbstractEntityManagerFactoryBean [restartedMain] Initialized JPA EntityManagerFactory for persistence unit 'default'
2021-11-05 09:14:28,318 WARN org.springframework.boot.autoconfigure.orm.jpa.JpaBaseConfiguration$JpaWebConfiguration [restartedMain] spring.jpa.open-in-view is enabled by default. Therefore, database queries may be performed during view rendering. Explicitly configure spring.jpa.open-in-view to disable this warning
2021-11-05 09:14:28,595 INFO org.springframework.security.web.DefaultSecurityFilterChain [restartedMain] Will secure any request with [org.springframework.security.web.context.request.async.WebAsyncManagerIntegrationFilter@33b5e888, org.springframework.security.web.context.SecurityContextPersistenceFilter@5841491c, org.springframework.security.web.header.HeaderWriterFilter@66667ea5, org.springframework.security.web.authentication.logout.LogoutFilter@685e2deb, edu.ntut.project_01.homegym.filter.JwtRequestFilter@2a43d1a0, org.springframework.security.web.savedrequest.RequestCacheAwareFilter@398b8037, org.springframework.security.web.servletapi.SecurityContextHolderAwareRequestFilter@71961719, org.springframework.security.web.authentication.AnonymousAuthenticationFilter@4d6e1ffc, org.springframework.security.web.session.SessionManagementFilter@44c5d7dc, org.springframework.security.web.access.ExceptionTranslationFilter@3ff95633, org.springframework.security.web.access.intercept.FilterSecurityInterceptor@68ef0326]
2021-11-05 09:14:28,945 WARN org.springframework.boot.autoconfigure.thymeleaf.ThymeleafAutoConfiguration$DefaultTemplateResolverConfiguration [restartedMain] Cannot find template location: classpath:/templates/ (please add some templates or check your Thymeleaf configuration)
2021-11-05 09:14:29,056 INFO org.springframework.boot.devtools.autoconfigure.OptionalLiveReloadServer [restartedMain] LiveReload server is running on port 35729
2021-11-05 09:14:29,081 INFO org.apache.juli.logging.DirectJDKLog [restartedMain] Starting ProtocolHandler ["http-nio-8080"]
2021-11-05 09:14:29,110 INFO org.springframework.boot.web.embedded.tomcat.TomcatWebServer [restartedMain] Tomcat started on port(s): 8080 (http) with context path ''
2021-11-05 09:14:29,121 INFO org.springframework.boot.StartupInfoLogger [restartedMain] Started HomeGymApplication in 4.562 seconds (JVM running for 6.448)
2021-11-05 09:14:36,580 INFO org.apache.juli.logging.DirectJDKLog [http-nio-8080-exec-1] Initializing Spring DispatcherServlet 'dispatcherServlet'
2021-11-05 09:14:36,580 INFO org.springframework.web.servlet.FrameworkServlet [http-nio-8080-exec-1] Initializing Servlet 'dispatcherServlet'
2021-11-05 09:14:36,582 INFO org.springframework.web.servlet.FrameworkServlet [http-nio-8080-exec-1] Completed initialization in 1 ms
2021-11-05 09:14:36,599 INFO edu.ntut.project_01.homegym.util.JwtUtil [http-nio-8080-exec-1] 解析JWT
2021-11-05 09:14:36,649 INFO edu.ntut.project_01.homegym.filter.JwtRequestFilter [http-nio-8080-exec-1] checking authentication zhps7239@yahoo.com.tw
2021-11-05 09:14:36,807 INFO edu.ntut.project_01.homegym.util.JwtUtil [http-nio-8080-exec-1] 解析JWT
2021-11-05 09:14:36,815 INFO edu.ntut.project_01.homegym.util.JwtUtil [http-nio-8080-exec-1] 解析JWT
2021-11-05 09:14:36,827 INFO edu.ntut.project_01.homegym.filter.JwtRequestFilter [http-nio-8080-exec-1] authenticated user zhps7239@yahoo.com.tw, setting security context
2021-11-05 09:14:36,847 INFO edu.ntut.project_01.homegym.util.JwtUtil [http-nio-8080-exec-1] 解析JWT
2021-11-05 09:14:36,850 INFO edu.ntut.project_01.homegym.filter.JwtRequestFilter [http-nio-8080-exec-1] checking authentication zhps7239@yahoo.com.tw
2021-11-05 09:14:36,923 INFO edu.ntut.project_01.homegym.util.JwtUtil [http-nio-8080-exec-1] 解析JWT
2021-11-05 09:14:36,926 INFO edu.ntut.project_01.homegym.service.impl.MemberServiceImpl [http-nio-8080-exec-1] UserName: zhps7239@yahoo.com.tw
2021-11-05 09:14:46,451 INFO org.springframework.orm.jpa.AbstractEntityManagerFactoryBean [SpringApplicationShutdownHook] Closing JPA EntityManagerFactory for persistence unit 'default'
2021-11-05 09:14:46,469 INFO com.zaxxer.hikari.HikariDataSource [SpringApplicationShutdownHook] HikariPool-1 - Shutdown initiated...
2021-11-05 09:14:46,500 INFO com.zaxxer.hikari.HikariDataSource [SpringApplicationShutdownHook] HikariPool-1 - Shutdown completed.
2021-11-05 09:14:53,790 INFO org.springframework.boot.StartupInfoLogger [restartedMain] Starting HomeGymApplication using Java 11.0.12 on qinlihandeMBP with PID 1641 (/Users/chin/eclipse-workspace/HomeGym/target/classes started by chin in /Users/chin/eclipse-workspace/HomeGym)
2021-11-05 09:14:53,799 INFO org.springframework.boot.SpringApplication [restartedMain] No active profile set, falling back to default profiles: default
2021-11-05 09:14:53,887 INFO org.springframework.boot.logging.DeferredLog [restartedMain] Devtools property defaults active! Set 'spring.devtools.add-properties' to 'false' to disable
2021-11-05 09:14:53,888 INFO org.springframework.boot.logging.DeferredLog [restartedMain] For additional web related logging consider setting the 'logging.level.web' property to 'DEBUG'
2021-11-05 09:14:54,597 INFO org.springframework.data.repository.config.RepositoryConfigurationDelegate [restartedMain] Bootstrapping Spring Data JPA repositories in DEFAULT mode.
2021-11-05 09:14:54,648 INFO org.springframework.data.repository.config.RepositoryConfigurationDelegate [restartedMain] Finished Spring Data repository scanning in 44 ms. Found 2 JPA repository interfaces.
2021-11-05 09:14:54,973 INFO org.springframework.context.support.PostProcessorRegistrationDelegate$BeanPostProcessorChecker [restartedMain] Bean 'org.springframework.security.access.expression.method.DefaultMethodSecurityExpressionHandler@4249475f' of type [org.springframework.security.access.expression.method.DefaultMethodSecurityExpressionHandler] is not eligible for getting processed by all BeanPostProcessors (for example: not eligible for auto-proxying)
2021-11-05 09:14:54,976 INFO org.springframework.context.support.PostProcessorRegistrationDelegate$BeanPostProcessorChecker [restartedMain] Bean 'methodSecurityMetadataSource' of type [org.springframework.security.access.method.DelegatingMethodSecurityMetadataSource] is not eligible for getting processed by all BeanPostProcessors (for example: not eligible for auto-proxying)
2021-11-05 09:14:55,298 INFO org.springframework.boot.web.embedded.tomcat.TomcatWebServer [restartedMain] Tomcat initialized with port(s): 8080 (http)
2021-11-05 09:14:55,316 INFO org.apache.juli.logging.DirectJDKLog [restartedMain] Initializing ProtocolHandler ["http-nio-8080"]
2021-11-05 09:14:55,319 INFO org.apache.juli.logging.DirectJDKLog [restartedMain] Starting service [Tomcat]
2021-11-05 09:14:55,322 INFO org.apache.juli.logging.DirectJDKLog [restartedMain] Starting Servlet engine: [Apache Tomcat/9.0.53]
2021-11-05 09:14:55,440 INFO org.apache.juli.logging.DirectJDKLog [restartedMain] Initializing Spring embedded WebApplicationContext
2021-11-05 09:14:55,441 INFO org.springframework.boot.web.servlet.context.ServletWebServerApplicationContext [restartedMain] Root WebApplicationContext: initialization completed in 1551 ms
2021-11-05 09:14:55,860 INFO com.zaxxer.hikari.HikariDataSource [restartedMain] HikariPool-1 - Starting...
2021-11-05 09:14:56,157 INFO com.zaxxer.hikari.HikariDataSource [restartedMain] HikariPool-1 - Start completed.
2021-11-05 09:14:57,155 INFO org.springframework.orm.jpa.AbstractEntityManagerFactoryBean [restartedMain] Initialized JPA EntityManagerFactory for persistence unit 'default'
2021-11-05 09:14:57,511 WARN org.springframework.boot.autoconfigure.orm.jpa.JpaBaseConfiguration$JpaWebConfiguration [restartedMain] spring.jpa.open-in-view is enabled by default. Therefore, database queries may be performed during view rendering. Explicitly configure spring.jpa.open-in-view to disable this warning
2021-11-05 09:14:57,826 INFO org.springframework.security.web.DefaultSecurityFilterChain [restartedMain] Will secure any request with [org.springframework.security.web.context.request.async.WebAsyncManagerIntegrationFilter@2c167c75, org.springframework.security.web.context.SecurityContextPersistenceFilter@2e87a757, org.springframework.security.web.header.HeaderWriterFilter@5f63d5ef, org.springframework.security.web.authentication.logout.LogoutFilter@31f867c1, edu.ntut.project_01.homegym.filter.JwtRequestFilter@7ae1dff2, org.springframework.security.web.savedrequest.RequestCacheAwareFilter@1e6acd60, org.springframework.security.web.servletapi.SecurityContextHolderAwareRequestFilter@37af8a92, org.springframework.security.web.authentication.AnonymousAuthenticationFilter@3ee7f527, org.springframework.security.web.session.SessionManagementFilter@31cd779b, org.springframework.security.web.access.ExceptionTranslationFilter@41a1187a, org.springframework.security.web.access.intercept.FilterSecurityInterceptor@1bbc3c42]
2021-11-05 09:14:58,146 WARN org.springframework.boot.autoconfigure.thymeleaf.ThymeleafAutoConfiguration$DefaultTemplateResolverConfiguration [restartedMain] Cannot find template location: classpath:/templates/ (please add some templates or check your Thymeleaf configuration)
2021-11-05 09:14:58,271 INFO org.springframework.boot.devtools.autoconfigure.OptionalLiveReloadServer [restartedMain] LiveReload server is running on port 35729
2021-11-05 09:14:58,297 INFO org.apache.juli.logging.DirectJDKLog [restartedMain] Starting ProtocolHandler ["http-nio-8080"]
2021-11-05 09:14:58,332 INFO org.springframework.boot.web.embedded.tomcat.TomcatWebServer [restartedMain] Tomcat started on port(s): 8080 (http) with context path ''
2021-11-05 09:14:58,352 INFO org.springframework.boot.StartupInfoLogger [restartedMain] Started HomeGymApplication in 5.115 seconds (JVM running for 7.236)
2021-11-05 09:14:58,470 INFO org.apache.juli.logging.DirectJDKLog [http-nio-8080-exec-1] Initializing Spring DispatcherServlet 'dispatcherServlet'
2021-11-05 09:14:58,471 INFO org.springframework.web.servlet.FrameworkServlet [http-nio-8080-exec-1] Initializing Servlet 'dispatcherServlet'
2021-11-05 09:14:58,472 INFO org.springframework.web.servlet.FrameworkServlet [http-nio-8080-exec-1] Completed initialization in 1 ms
2021-11-05 09:14:58,490 INFO edu.ntut.project_01.homegym.util.JwtUtil [http-nio-8080-exec-1] 解析JWT
2021-11-05 09:14:58,542 INFO edu.ntut.project_01.homegym.filter.JwtRequestFilter [http-nio-8080-exec-1] checking authentication zhps7239@yahoo.com.tw
2021-11-05 09:14:58,720 INFO edu.ntut.project_01.homegym.util.JwtUtil [http-nio-8080-exec-1] 解析JWT
2021-11-05 09:14:58,722 INFO edu.ntut.project_01.homegym.util.JwtUtil [http-nio-8080-exec-1] 解析JWT
2021-11-05 09:14:58,724 INFO edu.ntut.project_01.homegym.filter.JwtRequestFilter [http-nio-8080-exec-1] authenticated user zhps7239@yahoo.com.tw, setting security context
2021-11-05 09:14:58,731 INFO edu.ntut.project_01.homegym.util.JwtUtil [http-nio-8080-exec-1] 解析JWT
2021-11-05 09:14:58,733 INFO edu.ntut.project_01.homegym.filter.JwtRequestFilter [http-nio-8080-exec-1] checking authentication zhps7239@yahoo.com.tw
2021-11-05 09:14:58,776 INFO edu.ntut.project_01.homegym.util.JwtUtil [http-nio-8080-exec-1] 解析JWT
2021-11-05 09:14:58,778 INFO edu.ntut.project_01.homegym.service.impl.MemberServiceImpl [http-nio-8080-exec-1] UserName: zhps7239@yahoo.com.tw
2021-11-05 09:14:58,945 INFO edu.ntut.project_01.homegym.service.impl.MemberServiceImpl [http-nio-8080-exec-1] $2a$10$IhDWXmQboTBm1990zX5gpeeGkPPfuOX1ADcqtImMuEt0ZZqvi3Lei
2021-11-05 09:14:58,948 INFO edu.ntut.project_01.homegym.service.impl.MemberServiceImpl [http-nio-8080-exec-1] $2a$10$32yXe4pavQIUMUc7J0x2pOvdS0fqQoI0kUihlkEGSB2nPqR9mwzT6
2021-11-05 09:20:55,849 INFO org.springframework.orm.jpa.AbstractEntityManagerFactoryBean [SpringApplicationShutdownHook] Closing JPA EntityManagerFactory for persistence unit 'default'
2021-11-05 09:20:55,853 INFO com.zaxxer.hikari.HikariDataSource [SpringApplicationShutdownHook] HikariPool-1 - Shutdown initiated...
2021-11-05 09:20:55,885 INFO com.zaxxer.hikari.HikariDataSource [SpringApplicationShutdownHook] HikariPool-1 - Shutdown completed.
2021-11-05 09:21:02,180 INFO org.springframework.boot.StartupInfoLogger [restartedMain] Starting HomeGymApplication using Java 11.0.12 on qinlihandeMBP with PID 1668 (/Users/chin/eclipse-workspace/HomeGym/target/classes started by chin in /Users/chin/eclipse-workspace/HomeGym)
2021-11-05 09:21:02,187 INFO org.springframework.boot.SpringApplication [restartedMain] No active profile set, falling back to default profiles: default
2021-11-05 09:21:02,242 INFO org.springframework.boot.logging.DeferredLog [restartedMain] Devtools property defaults active! Set 'spring.devtools.add-properties' to 'false' to disable
2021-11-05 09:21:02,243 INFO org.springframework.boot.logging.DeferredLog [restartedMain] For additional web related logging consider setting the 'logging.level.web' property to 'DEBUG'
2021-11-05 09:21:03,168 INFO org.springframework.data.repository.config.RepositoryConfigurationDelegate [restartedMain] Bootstrapping Spring Data JPA repositories in DEFAULT mode.
2021-11-05 09:21:03,223 INFO org.springframework.data.repository.config.RepositoryConfigurationDelegate [restartedMain] Finished Spring Data repository scanning in 47 ms. Found 2 JPA repository interfaces.
2021-11-05 09:21:03,550 INFO org.springframework.context.support.PostProcessorRegistrationDelegate$BeanPostProcessorChecker [restartedMain] Bean 'org.springframework.security.access.expression.method.DefaultMethodSecurityExpressionHandler@70f5663d' of type [org.springframework.security.access.expression.method.DefaultMethodSecurityExpressionHandler] is not eligible for getting processed by all BeanPostProcessors (for example: not eligible for auto-proxying)
2021-11-05 09:21:03,554 INFO org.springframework.context.support.PostProcessorRegistrationDelegate$BeanPostProcessorChecker [restartedMain] Bean 'methodSecurityMetadataSource' of type [org.springframework.security.access.method.DelegatingMethodSecurityMetadataSource] is not eligible for getting processed by all BeanPostProcessors (for example: not eligible for auto-proxying)
2021-11-05 09:21:03,816 INFO org.springframework.boot.web.embedded.tomcat.TomcatWebServer [restartedMain] Tomcat initialized with port(s): 8080 (http)
2021-11-05 09:21:03,825 INFO org.apache.juli.logging.DirectJDKLog [restartedMain] Initializing ProtocolHandler ["http-nio-8080"]
2021-11-05 09:21:03,825 INFO org.apache.juli.logging.DirectJDKLog [restartedMain] Starting service [Tomcat]
2021-11-05 09:21:03,826 INFO org.apache.juli.logging.DirectJDKLog [restartedMain] Starting Servlet engine: [Apache Tomcat/9.0.53]
2021-11-05 09:21:03,901 INFO org.apache.juli.logging.DirectJDKLog [restartedMain] Initializing Spring embedded WebApplicationContext
2021-11-05 09:21:03,902 INFO org.springframework.boot.web.servlet.context.ServletWebServerApplicationContext [restartedMain] Root WebApplicationContext: initialization completed in 1657 ms
2021-11-05 09:21:04,311 INFO com.zaxxer.hikari.HikariDataSource [restartedMain] HikariPool-1 - Starting...
2021-11-05 09:21:04,594 INFO com.zaxxer.hikari.HikariDataSource [restartedMain] HikariPool-1 - Start completed.
2021-11-05 09:21:05,562 INFO org.springframework.orm.jpa.AbstractEntityManagerFactoryBean [restartedMain] Initialized JPA EntityManagerFactory for persistence unit 'default'
2021-11-05 09:21:06,152 WARN org.springframework.boot.autoconfigure.orm.jpa.JpaBaseConfiguration$JpaWebConfiguration [restartedMain] spring.jpa.open-in-view is enabled by default. Therefore, database queries may be performed during view rendering. Explicitly configure spring.jpa.open-in-view to disable this warning
2021-11-05 09:21:06,479 INFO org.springframework.security.web.DefaultSecurityFilterChain [restartedMain] Will secure any request with [org.springframework.security.web.context.request.async.WebAsyncManagerIntegrationFilter@5a54e943, org.springframework.security.web.context.SecurityContextPersistenceFilter@61a85b39, org.springframework.security.web.header.HeaderWriterFilter@10d79aa4, org.springframework.security.web.authentication.logout.LogoutFilter@3fad31c4, edu.ntut.project_01.homegym.filter.JwtRequestFilter@2d5071d4, org.springframework.security.web.savedrequest.RequestCacheAwareFilter@4b82e3e9, org.springframework.security.web.servletapi.SecurityContextHolderAwareRequestFilter@5841491c, org.springframework.security.web.authentication.AnonymousAuthenticationFilter@569d761a, org.springframework.security.web.session.SessionManagementFilter@6e3ed408, org.springframework.security.web.access.ExceptionTranslationFilter@42328f2a, org.springframework.security.web.access.intercept.FilterSecurityInterceptor@65cbc6]
2021-11-05 09:21:06,884 WARN org.springframework.boot.autoconfigure.thymeleaf.ThymeleafAutoConfiguration$DefaultTemplateResolverConfiguration [restartedMain] Cannot find template location: classpath:/templates/ (please add some templates or check your Thymeleaf configuration)
2021-11-05 09:21:07,028 INFO org.springframework.boot.devtools.autoconfigure.OptionalLiveReloadServer [restartedMain] LiveReload server is running on port 35729
2021-11-05 09:21:07,067 INFO org.apache.juli.logging.DirectJDKLog [restartedMain] Starting ProtocolHandler ["http-nio-8080"]
2021-11-05 09:21:07,111 INFO org.springframework.boot.web.embedded.tomcat.TomcatWebServer [restartedMain] Tomcat started on port(s): 8080 (http) with context path ''
2021-11-05 09:21:07,130 INFO org.springframework.boot.StartupInfoLogger [restartedMain] Started HomeGymApplication in 5.471 seconds (JVM running for 7.514)
2021-11-05 09:21:11,605 INFO org.apache.juli.logging.DirectJDKLog [http-nio-8080-exec-1] Initializing Spring DispatcherServlet 'dispatcherServlet'
2021-11-05 09:21:11,606 INFO org.springframework.web.servlet.FrameworkServlet [http-nio-8080-exec-1] Initializing Servlet 'dispatcherServlet'
2021-11-05 09:21:11,608 INFO org.springframework.web.servlet.FrameworkServlet [http-nio-8080-exec-1] Completed initialization in 2 ms
2021-11-05 09:21:11,625 INFO edu.ntut.project_01.homegym.util.JwtUtil [http-nio-8080-exec-1] 解析JWT
2021-11-05 09:21:11,686 INFO edu.ntut.project_01.homegym.filter.JwtRequestFilter [http-nio-8080-exec-1] checking authentication zhps7239@yahoo.com.tw
2021-11-05 09:21:11,918 INFO edu.ntut.project_01.homegym.util.JwtUtil [http-nio-8080-exec-1] 解析JWT
2021-11-05 09:21:11,924 INFO edu.ntut.project_01.homegym.util.JwtUtil [http-nio-8080-exec-1] 解析JWT
2021-11-05 09:21:11,935 INFO edu.ntut.project_01.homegym.filter.JwtRequestFilter [http-nio-8080-exec-1] authenticated user zhps7239@yahoo.com.tw, setting security context
2021-11-05 09:21:11,944 INFO edu.ntut.project_01.homegym.util.JwtUtil [http-nio-8080-exec-1] 解析JWT
2021-11-05 09:21:11,948 INFO edu.ntut.project_01.homegym.filter.JwtRequestFilter [http-nio-8080-exec-1] checking authentication zhps7239@yahoo.com.tw
2021-11-05 09:21:11,993 INFO edu.ntut.project_01.homegym.util.JwtUtil [http-nio-8080-exec-1] 解析JWT
2021-11-05 09:21:11,997 INFO edu.ntut.project_01.homegym.service.impl.MemberServiceImpl [http-nio-8080-exec-1] UserName: zhps7239@yahoo.com.tw
2021-11-05 09:22:51,547 INFO edu.ntut.project_01.homegym.util.JwtUtil [http-nio-8080-exec-3] 解析JWT
2021-11-05 09:22:51,553 INFO edu.ntut.project_01.homegym.filter.JwtRequestFilter [http-nio-8080-exec-3] checking authentication zhps7239@yahoo.com.tw
2021-11-05 09:22:51,574 INFO edu.ntut.project_01.homegym.util.JwtUtil [http-nio-8080-exec-3] 解析JWT
2021-11-05 09:22:51,577 INFO edu.ntut.project_01.homegym.util.JwtUtil [http-nio-8080-exec-3] 解析JWT
2021-11-05 09:22:51,579 INFO edu.ntut.project_01.homegym.filter.JwtRequestFilter [http-nio-8080-exec-3] authenticated user zhps7239@yahoo.com.tw, setting security context
2021-11-05 09:22:51,580 INFO edu.ntut.project_01.homegym.util.JwtUtil [http-nio-8080-exec-3] 解析JWT
2021-11-05 09:22:51,582 INFO edu.ntut.project_01.homegym.filter.JwtRequestFilter [http-nio-8080-exec-3] checking authentication zhps7239@yahoo.com.tw
2021-11-05 09:22:51,947 INFO edu.ntut.project_01.homegym.util.JwtUtil [http-nio-8080-exec-3] 產生JWT
2021-11-05 09:22:51,987 INFO edu.ntut.project_01.homegym.service.impl.AuthServiceImpl [http-nio-8080-exec-3] JWT: eyJhbGciOiJIUzI1NiJ9.eyJ1c2VybmFtZSI6InpocHM3MjM5QHlhaG9vLmNvbS50dyIsInJvbGUiOlt7ImF1dGhvcml0eSI6IlJPTEVfTUVNQkVSIn1dLCJpc3MiOiJIb21lR3ltQWRtaW4iLCJzdWIiOiJ6aHBzNzIzOUB5YWhvby5jb20udHciLCJpYXQiOjE2MzYwNzUzNzEsImV4cCI6MTYzNjA3ODk3MX0.6xS0P1Ct_b7HMvC5siaf8_jD0eaJbnQqzUqmi7q3i2o
2021-11-05 09:22:57,143 INFO edu.ntut.project_01.homegym.util.JwtUtil [http-nio-8080-exec-4] 產生JWT
2021-11-05 09:22:57,144 INFO edu.ntut.project_01.homegym.service.impl.AuthServiceImpl [http-nio-8080-exec-4] JWT: eyJhbGciOiJIUzI1NiJ9.eyJ1c2VybmFtZSI6InpocHM3MjM5QHlhaG9vLmNvbS50dyIsInJvbGUiOlt7ImF1dGhvcml0eSI6IlJPTEVfTUVNQkVSIn1dLCJpc3MiOiJIb21lR3ltQWRtaW4iLCJzdWIiOiJ6aHBzNzIzOUB5YWhvby5jb20udHciLCJpYXQiOjE2MzYwNzUzNzcsImV4cCI6MTYzNjA3ODk3N30.XK-oBZwj73E4FJ11iOduekVT87jF65JDFqpT1WoDn9k
2021-11-05 09:23:11,214 WARN org.springframework.web.servlet.handler.AbstractHandlerExceptionResolver [http-nio-8080-exec-5] Resolved [org.springframework.web.HttpRequestMethodNotSupportedException: Request method 'GET' not supported]
2021-11-05 09:23:17,722 INFO edu.ntut.project_01.homegym.util.JwtUtil [http-nio-8080-exec-6] 產生JWT
2021-11-05 09:23:17,723 INFO edu.ntut.project_01.homegym.service.impl.AuthServiceImpl [http-nio-8080-exec-6] JWT: eyJhbGciOiJIUzI1NiJ9.eyJ1c2VybmFtZSI6InpocHM3MjM5QHlhaG9vLmNvbS50dyIsInJvbGUiOlt7ImF1dGhvcml0eSI6IlJPTEVfTUVNQkVSIn1dLCJpc3MiOiJIb21lR3ltQWRtaW4iLCJzdWIiOiJ6aHBzNzIzOUB5YWhvby5jb20udHciLCJpYXQiOjE2MzYwNzUzOTcsImV4cCI6MTYzNjA3ODk5N30.Jg1UKbTu8xw4htFUAmMFmuw3n3rvNR1n_4dDMAlRTKk
2021-11-05 09:23:47,692 INFO org.springframework.orm.jpa.AbstractEntityManagerFactoryBean [SpringApplicationShutdownHook] Closing JPA EntityManagerFactory for persistence unit 'default'
2021-11-05 09:23:47,706 INFO com.zaxxer.hikari.HikariDataSource [SpringApplicationShutdownHook] HikariPool-1 - Shutdown initiated...
2021-11-05 09:23:47,724 INFO com.zaxxer.hikari.HikariDataSource [SpringApplicationShutdownHook] HikariPool-1 - Shutdown completed.
